This file contains any messages produced by compilers while
running configure, to aid debugging if configure makes a mistake.

It was created by RISC-V Proxy Kernel configure ?, which was
generated by GNU Autoconf 2.68.  Invocation command line was

  $ ./configure 

## --------- ##
## Platform. ##
## --------- ##

hostname = umma
uname -m = x86_64
uname -r = 3.5.0-23-generic
uname -s = Linux
uname -v = #35~precise1-Ubuntu SMP Fri Jan 25 17:13:26 UTC 2013

/usr/bin/uname -p = unknown
/bin/uname -X     = unknown

/bin/arch              = unknown
/usr/bin/arch -k       = unknown
/usr/convex/getsysinfo = unknown
/usr/bin/hostinfo      = unknown
/bin/machine           = unknown
/usr/bin/oslevel       = unknown
/bin/universe          = unknown

PATH: /home/ambhave/bin
PATH: /home/ambhave/bin
PATH: /usr/local/sbin
PATH: /usr/local/bin
PATH: /usr/sbin
PATH: /usr/bin
PATH: /sbin
PATH: /bin
PATH: /usr/games
PATH: /home/ambhave/bin
PATH: /home/ambhave/bin
PATH: /afs/csail/group/csg/tools_lx86/bluespec/Bluespec-2014.07.A/bin
PATH: /afs/csail.mit.edu/group/csg/tools/tools_lx86/xilinx/14.2/14.2/ISE_DS/ISE/bin/lin64
PATH: /afs/csail.mit.edu/group/csg/tools/tools_lx86/xilinx/14.2/14.2/ISE_DS/ISE/sysgen/util
PATH: /home/ambhave/riscv-bluespec/build/tools/bin
PATH: /afs/csail/group/csg/tools_lx86/bluespec/Bluespec-2014.07.A/bin
PATH: /afs/csail.mit.edu/group/csg/tools/tools_lx86/xilinx/14.2/14.2/ISE_DS/ISE/bin/lin64
PATH: /afs/csail.mit.edu/group/csg/tools/tools_lx86/xilinx/14.2/14.2/ISE_DS/ISE/sysgen/util
PATH: /home/ambhave/riscv-bluespec/build/tools/bin


## ----------- ##
## Core tests. ##
## ----------- ##

configure:1924: checking build system type
configure:1938: result: x86_64-unknown-linux-gnu
configure:1958: checking host system type
configure:1971: result: x86_64-unknown-linux-gnu
configure:2044: checking for gcc
configure:2060: found /usr/bin/gcc
configure:2071: result: gcc
configure:2300: checking for C compiler version
configure:2309: gcc --version >&5
gcc (Ubuntu 4.8.1-2ubuntu1~12.04) 4.8.1
Copyright (C) 2013 Free Software Foundation, Inc.
This is free software; see the source for copying conditions.  There is NO
warranty; not even for MERCHANTABILITY or FITNESS FOR A PARTICULAR PURPOSE.

configure:2320: $? = 0
configure:2309: gcc -v >&5
Using built-in specs.
COLLECT_GCC=gcc
COLLECT_LTO_WRAPPER=/usr/lib/gcc/x86_64-linux-gnu/4.8/lto-wrapper
Target: x86_64-linux-gnu
Configured with: ../src/configure -v --with-pkgversion='Ubuntu 4.8.1-2ubuntu1~12.04' --with-bugurl=file:///usr/share/doc/gcc-4.8/README.Bugs --enable-languages=c,c++,java,go,d,fortran,objc,obj-c++ --prefix=/usr --program-suffix=-4.8 --enable-shared --enable-linker-build-id --libexecdir=/usr/lib --without-included-gettext --enable-threads=posix --with-gxx-include-dir=/usr/include/c++/4.8 --libdir=/usr/lib --enable-nls --with-sysroot=/ --enable-clocale=gnu --enable-libstdcxx-debug --enable-libstdcxx-time=yes --enable-gnu-unique-object --enable-plugin --with-system-zlib --disable-browser-plugin --enable-java-awt=gtk --enable-gtk-cairo --with-java-home=/usr/lib/jvm/java-1.5.0-gcj-4.8-amd64/jre --enable-java-home --with-jvm-root-dir=/usr/lib/jvm/java-1.5.0-gcj-4.8-amd64 --with-jvm-jar-dir=/usr/lib/jvm-exports/java-1.5.0-gcj-4.8-amd64 --with-arch-directory=amd64 --with-ecj-jar=/usr/share/java/eclipse-ecj.jar --enable-objc-gc --enable-multiarch --disable-werror --with-arch-32=i686 --with-abi=m64 --with-multilib-list=m32,m64 --with-tune=generic --enable-checking=release --build=x86_64-linux-gnu --host=x86_64-linux-gnu --target=x86_64-linux-gnu
Thread model: posix
gcc version 4.8.1 (Ubuntu 4.8.1-2ubuntu1~12.04) 
configure:2320: $? = 0
configure:2309: gcc -V >&5
gcc: error: unrecognized command line option '-V'
gcc: fatal error: no input files
compilation terminated.
configure:2320: $? = 4
configure:2309: gcc -qversion >&5
gcc: error: unrecognized command line option '-qversion'
gcc: fatal error: no input files
compilation terminated.
configure:2320: $? = 4
configure:2340: checking whether the C compiler works
configure:2362: gcc    conftest.c  >&5
configure:2366: $? = 0
configure:2414: result: yes
configure:2417: checking for C compiler default output file name
configure:2419: result: a.out
configure:2425: checking for suffix of executables
configure:2432: gcc -o conftest    conftest.c  >&5
configure:2436: $? = 0
configure:2458: result: 
configure:2480: checking whether we are cross compiling
configure:2488: gcc -o conftest    conftest.c  >&5
configure:2492: $? = 0
configure:2499: ./conftest
configure:2503: $? = 0
configure:2518: result: no
configure:2523: checking for suffix of object files
configure:2545: gcc -c   conftest.c >&5
configure:2549: $? = 0
configure:2570: result: o
configure:2574: checking whether we are using the GNU C compiler
configure:2593: gcc -c   conftest.c >&5
configure:2593: $? = 0
configure:2602: result: yes
configure:2611: checking whether gcc accepts -g
configure:2631: gcc -c -g  conftest.c >&5
configure:2631: $? = 0
configure:2672: result: yes
configure:2689: checking for gcc option to accept ISO C89
configure:2753: gcc  -c -g -O2  conftest.c >&5
configure:2753: $? = 0
configure:2766: result: none needed
configure:2844: checking for g++
configure:2860: found /usr/bin/g++
configure:2871: result: g++
configure:2898: checking for C++ compiler version
configure:2907: g++ --version >&5
g++ (Ubuntu 5.1.0-0ubuntu11~12.04.2) 5.1.0
Copyright (C) 2015 Free Software Foundation, Inc.
This is free software; see the source for copying conditions.  There is NO
warranty; not even for MERCHANTABILITY or FITNESS FOR A PARTICULAR PURPOSE.

configure:2918: $? = 0
configure:2907: g++ -v >&5
Using built-in specs.
COLLECT_GCC=g++
COLLECT_LTO_WRAPPER=/usr/lib/gcc/x86_64-linux-gnu/5/lto-wrapper
Target: x86_64-linux-gnu
Configured with: ../src/configure -v --with-pkgversion='Ubuntu 5.1.0-0ubuntu11~12.04.2' --with-bugurl=file:///usr/share/doc/gcc-5/README.Bugs --enable-languages=c,ada,c++,java,go,d,fortran,objc,obj-c++ --prefix=/usr --program-suffix=-5 --enable-shared --enable-linker-build-id --libexecdir=/usr/lib --without-included-gettext --enable-threads=posix --libdir=/usr/lib --enable-nls --with-sysroot=/ --enable-clocale=gnu --enable-libstdcxx-debug --enable-libstdcxx-time=yes --with-default-libstdcxx-abi=c++98 --enable-gnu-unique-object --disable-vtable-verify --enable-plugin --with-system-zlib --disable-browser-plugin --enable-java-awt=gtk --enable-gtk-cairo --with-java-home=/usr/lib/jvm/java-1.5.0-gcj-5-amd64/jre --enable-java-home --with-jvm-root-dir=/usr/lib/jvm/java-1.5.0-gcj-5-amd64 --with-jvm-jar-dir=/usr/lib/jvm-exports/java-1.5.0-gcj-5-amd64 --with-arch-directory=amd64 --with-ecj-jar=/usr/share/java/eclipse-ecj.jar --enable-objc-gc --enable-multiarch --disable-werror --with-arch-32=i686 --with-abi=m64 --with-multilib-list=m32,m64 --enable-multilib --with-tune=generic --enable-checking=release --build=x86_64-linux-gnu --host=x86_64-linux-gnu --target=x86_64-linux-gnu
Thread model: posix
gcc version 5.1.0 (Ubuntu 5.1.0-0ubuntu11~12.04.2) 
configure:2918: $? = 0
configure:2907: g++ -V >&5
g++: error: unrecognized command line option '-V'
g++: fatal error: no input files
compilation terminated.
configure:2918: $? = 1
configure:2907: g++ -qversion >&5
g++: error: unrecognized command line option '-qversion'
g++: fatal error: no input files
compilation terminated.
configure:2918: $? = 1
configure:2922: checking whether we are using the GNU C++ compiler
configure:2941: g++ -c   conftest.cpp >&5
configure:2941: $? = 0
configure:2950: result: yes
configure:2959: checking whether g++ accepts -g
configure:2979: g++ -c -g  conftest.cpp >&5
configure:2979: $? = 0
configure:3020: result: yes
configure:3086: checking for ar
configure:3102: found /usr/bin/ar
configure:3113: result: ar
configure:3178: checking for ranlib
configure:3194: found /usr/bin/ranlib
configure:3205: result: ranlib
configure:3249: checking for a BSD-compatible install
configure:3317: result: /usr/bin/install -c
configure:3575: checking how to run the C preprocessor
configure:3606: gcc -E  conftest.c
configure:3606: $? = 0
configure:3620: gcc -E  conftest.c
conftest.c:9:28: fatal error: ac_nonexistent.h: No such file or directory
 #include <ac_nonexistent.h>
                            ^
compilation terminated.
configure:3620: $? = 1
configure: failed program was:
| /* confdefs.h */
| #define PACKAGE_NAME "RISC-V Proxy Kernel"
| #define PACKAGE_TARNAME "riscv-pk"
| #define PACKAGE_VERSION "?"
| #define PACKAGE_STRING "RISC-V Proxy Kernel ?"
| #define PACKAGE_BUGREPORT "Andrew Waterman"
| #define PACKAGE_URL ""
| /* end confdefs.h.  */
| #include <ac_nonexistent.h>
configure:3645: result: gcc -E
configure:3665: gcc -E  conftest.c
configure:3665: $? = 0
configure:3679: gcc -E  conftest.c
conftest.c:9:28: fatal error: ac_nonexistent.h: No such file or directory
 #include <ac_nonexistent.h>
                            ^
compilation terminated.
configure:3679: $? = 1
configure: failed program was:
| /* confdefs.h */
| #define PACKAGE_NAME "RISC-V Proxy Kernel"
| #define PACKAGE_TARNAME "riscv-pk"
| #define PACKAGE_VERSION "?"
| #define PACKAGE_STRING "RISC-V Proxy Kernel ?"
| #define PACKAGE_BUGREPORT "Andrew Waterman"
| #define PACKAGE_URL ""
| /* end confdefs.h.  */
| #include <ac_nonexistent.h>
configure:3708: checking for grep that handles long lines and -e
configure:3766: result: /bin/grep
configure:3771: checking for egrep
configure:3833: result: /bin/grep -E
configure:3838: checking for ANSI C header files
configure:3858: gcc -c -g -O2  conftest.c >&5
configure:3858: $? = 0
configure:3931: gcc -o conftest -g -O2   conftest.c  >&5
configure:3931: $? = 0
configure:3931: ./conftest
configure:3931: $? = 0
configure:3942: result: yes
configure:4012: configuring default subproject : pk
configure:4108: configuring default subproject : softfloat
configure:4262: creating ./config.status

## ---------------------- ##
## Running config.status. ##
## ---------------------- ##

This file was extended by RISC-V Proxy Kernel config.status ?, which was
generated by GNU Autoconf 2.68.  Invocation command line was

  CONFIG_FILES    = 
  CONFIG_HEADERS  = 
  CONFIG_LINKS    = 
  CONFIG_COMMANDS = 
  $ ./config.status 

on umma

config.status:835: creating pk.mk
config.status:835: creating softfloat.mk
config.status:835: creating Makefile
config.status:835: creating config.h
config.status:1010: config.h is unchanged

## ---------------- ##
## Cache variables. ##
## ---------------- ##

ac_cv_build=x86_64-unknown-linux-gnu
ac_cv_c_compiler_gnu=yes
ac_cv_cxx_compiler_gnu=yes
ac_cv_env_CCC_set=
ac_cv_env_CCC_value=
ac_cv_env_CC_set=
ac_cv_env_CC_value=
ac_cv_env_CFLAGS_set=
ac_cv_env_CFLAGS_value=
ac_cv_env_CPPFLAGS_set=
ac_cv_env_CPPFLAGS_value=
ac_cv_env_CPP_set=
ac_cv_env_CPP_value=
ac_cv_env_CXXFLAGS_set=
ac_cv_env_CXXFLAGS_value=
ac_cv_env_CXX_set=
ac_cv_env_CXX_value=
ac_cv_env_LDFLAGS_set=
ac_cv_env_LDFLAGS_value=
ac_cv_env_LIBS_set=
ac_cv_env_LIBS_value=
ac_cv_env_STOW_PREFIX_set=
ac_cv_env_STOW_PREFIX_value=
ac_cv_env_STOW_ROOT_set=
ac_cv_env_STOW_ROOT_value=
ac_cv_env_build_alias_set=
ac_cv_env_build_alias_value=
ac_cv_env_host_alias_set=
ac_cv_env_host_alias_value=
ac_cv_env_target_alias_set=
ac_cv_env_target_alias_value=
ac_cv_header_stdc=yes
ac_cv_host=x86_64-unknown-linux-gnu
ac_cv_objext=o
ac_cv_path_EGREP='/bin/grep -E'
ac_cv_path_GREP=/bin/grep
ac_cv_path_install='/usr/bin/install -c'
ac_cv_prog_CPP='gcc -E'
ac_cv_prog_ac_ct_AR=ar
ac_cv_prog_ac_ct_CC=gcc
ac_cv_prog_ac_ct_CXX=g++
ac_cv_prog_ac_ct_RANLIB=ranlib
ac_cv_prog_cc_c89=
ac_cv_prog_cc_g=yes
ac_cv_prog_cxx_g=yes

## ----------------- ##
## Output variables. ##
## ----------------- ##

AR='ar'
CC='gcc'
CFLAGS='-Wall -Werror -D__NO_INLINE__ -mcmodel=medany -O2 -std=gnu99 -Wno-unused -Wno-attributes -Wno-incompatible-pointer-types -Wno-int-conversion -fno-delete-null-pointer-checks'
CPP='gcc -E'
CPPFLAGS=''
CXX='g++'
CXXFLAGS='-g -O2'
DEFS='-DHAVE_CONFIG_H'
ECHO_C=''
ECHO_N='-n'
ECHO_T=''
EGREP='/bin/grep -E'
EXEEXT=''
GREP='/bin/grep'
INSTALL_DATA='${INSTALL} -m 644'
INSTALL_PROGRAM='${INSTALL}'
INSTALL_SCRIPT='${INSTALL}'
LDFLAGS=''
LIBOBJS=''
LIBS='-lgcc'
LTLIBOBJS=''
OBJEXT='o'
PACKAGE_BUGREPORT='Andrew Waterman'
PACKAGE_NAME='RISC-V Proxy Kernel'
PACKAGE_STRING='RISC-V Proxy Kernel ?'
PACKAGE_TARNAME='riscv-pk'
PACKAGE_URL=''
PACKAGE_VERSION='?'
PATH_SEPARATOR=':'
RANLIB='ranlib'
RUN=''
RUNFLAGS=''
SHELL='/bin/bash'
STOW_PREFIX=''
STOW_ROOT=''
ac_ct_CC='gcc'
ac_ct_CXX='g++'
ac_ct_RUN=''
bindir='${exec_prefix}/bin'
build='x86_64-unknown-linux-gnu'
build_alias=''
build_cpu='x86_64'
build_os='linux-gnu'
build_vendor='unknown'
datadir='${datarootdir}'
datarootdir='${prefix}/share'
docdir='${datarootdir}/doc/${PACKAGE_TARNAME}'
dvidir='${docdir}'
enable_stow='no'
exec_prefix='${prefix}'
host='x86_64-unknown-linux-gnu'
host_alias=''
host_cpu='x86_64'
host_os='linux-gnu'
host_vendor='unknown'
htmldir='${docdir}'
includedir='${prefix}/include'
infodir='${datarootdir}/info'
libdir='${exec_prefix}/lib'
libexecdir='${exec_prefix}/libexec'
localedir='${datarootdir}/locale'
localstatedir='${prefix}/var'
mandir='${datarootdir}/man'
oldincludedir='/usr/include'
pdfdir='${docdir}'
prefix='/usr/local'
program_transform_name='s,x,x,'
psdir='${docdir}'
sbindir='${exec_prefix}/sbin'
sharedstatedir='${prefix}/com'
stow=''
subprojects=' pk softfloat'
subprojects_enabled=' pk softfloat'
sysconfdir='${prefix}/etc'
target_alias=''

## ----------- ##
## confdefs.h. ##
## ----------- ##

/* confdefs.h */
#define PACKAGE_NAME "RISC-V Proxy Kernel"
#define PACKAGE_TARNAME "riscv-pk"
#define PACKAGE_VERSION "?"
#define PACKAGE_STRING "RISC-V Proxy Kernel ?"
#define PACKAGE_BUGREPORT "Andrew Waterman"
#define PACKAGE_URL ""
#define STDC_HEADERS 1
#define PK_ENABLED /**/
#define PK_ENABLE_VM /**/
#define PK_ENABLE_LOGO /**/
#define PK_ENABLE_FP_EMULATION /**/
#define PK_ENABLE_ATOMICS /**/
#define SOFTFLOAT_ENABLED /**/

configure: exit 0
